2025-05-19 10:08:22,740 [Worker-0: Loading available Gradle versions] INFO  o.e.b.c.i.u.g.PublishedGradleVersions - Gradle version information cache is not available. Remote download required.
2025-05-20 08:35:19,358 [Worker-1: Loading available Gradle versions] INFO  o.e.b.c.i.u.g.PublishedGradleVersions - Gradle version information cache is up-to-date. Trying to read.
2025-05-21 08:17:31,319 [Worker-6: Loading available Gradle versions] INFO  o.e.b.c.i.u.g.PublishedGradleVersions - Gradle version information cache is out-of-date. Trying to update.
2025-05-21 13:10:26,745 [Worker-0: Loading available Gradle versions] INFO  o.e.b.c.i.u.g.PublishedGradleVersions - Gradle version information cache is up-to-date. Trying to read.
2025-05-21 13:22:36,489 [Worker-2: Loading available Gradle versions] INFO  o.e.b.c.i.u.g.PublishedGradleVersions - Gradle version information cache is up-to-date. Trying to read.
2025-05-22 08:21:17,965 [Worker-6: Loading available Gradle versions] INFO  o.e.b.c.i.u.g.PublishedGradleVersions - Gradle version information cache is out-of-date. Trying to update.
2025-05-22 08:56:12,574 [Worker-2: Loading available Gradle versions] INFO  o.e.b.c.i.u.g.PublishedGradleVersions - Gradle version information cache is up-to-date. Trying to read.
2025-05-22 09:50:58,451 [Worker-20: Loading available Gradle versions] INFO  o.e.b.c.i.u.g.PublishedGradleVersions - Gradle version information cache is up-to-date. Trying to read.
2025-05-22 16:19:47,982 [Worker-10: Loading available Gradle versions] INFO  o.e.b.c.i.u.g.PublishedGradleVersions - Gradle version information cache is up-to-date. Trying to read.
2025-05-23 08:30:28,320 [Worker-6: Loading available Gradle versions] INFO  o.e.b.c.i.u.g.PublishedGradleVersions - Gradle version information cache is out-of-date. Trying to update.
2025-05-23 15:34:05,818 [Worker-32: Launching mavenrun-076b48b0-87ec-4e89-a84f-fca542ccaec7] INFO  o.eclipse.m2e.core.internal.Bundles - getClasspathEntries(Bundle=org.eclipse.m2e.maven.runtime_3.9.900.20250220-2013 [638])
2025-05-23 15:34:05,820 [Worker-32: Launching mavenrun-076b48b0-87ec-4e89-a84f-fca542ccaec7] INFO  o.eclipse.m2e.core.internal.Bundles - 	Entry: C:\DEV\eclipse\plugins\org.eclipse.m2e.maven.runtime_3.9.900.20250220-2013
2025-05-23 15:34:05,820 [Worker-32: Launching mavenrun-076b48b0-87ec-4e89-a84f-fca542ccaec7] INFO  o.eclipse.m2e.core.internal.Bundles - 	Entry: C:\DEV\eclipse\plugins\org.eclipse.m2e.maven.runtime_3.9.900.20250220-2013\jars\aopalliance-1.0.jar
2025-05-23 15:34:05,820 [Worker-32: Launching mavenrun-076b48b0-87ec-4e89-a84f-fca542ccaec7] INFO  o.eclipse.m2e.core.internal.Bundles - 	Entry: C:\DEV\eclipse\plugins\org.eclipse.m2e.maven.runtime_3.9.900.20250220-2013\jars\guice-5.1.0.jar
2025-05-23 15:34:05,820 [Worker-32: Launching mavenrun-076b48b0-87ec-4e89-a84f-fca542ccaec7] INFO  o.eclipse.m2e.core.internal.Bundles - 	Entry: C:\DEV\eclipse\plugins\org.eclipse.m2e.maven.runtime_3.9.900.20250220-2013\jars\httpclient-4.5.14.jar
2025-05-23 15:34:05,820 [Worker-32: Launching mavenrun-076b48b0-87ec-4e89-a84f-fca542ccaec7] INFO  o.eclipse.m2e.core.internal.Bundles - 	Entry: C:\DEV\eclipse\plugins\org.eclipse.m2e.maven.runtime_3.9.900.20250220-2013\jars\httpcore-4.4.16.jar
2025-05-23 15:34:05,821 [Worker-32: Launching mavenrun-076b48b0-87ec-4e89-a84f-fca542ccaec7] INFO  o.eclipse.m2e.core.internal.Bundles - 	Entry: C:\DEV\eclipse\plugins\org.eclipse.m2e.maven.runtime_3.9.900.20250220-2013\jars\jansi-2.4.1.jar
2025-05-23 15:34:05,821 [Worker-32: Launching mavenrun-076b48b0-87ec-4e89-a84f-fca542ccaec7] INFO  o.eclipse.m2e.core.internal.Bundles - 	Entry: C:\DEV\eclipse\plugins\org.eclipse.m2e.maven.runtime_3.9.900.20250220-2013\jars\jcl-over-slf4j-1.7.36.jar
2025-05-23 15:34:05,821 [Worker-32: Launching mavenrun-076b48b0-87ec-4e89-a84f-fca542ccaec7] INFO  o.eclipse.m2e.core.internal.Bundles - 	Entry: C:\DEV\eclipse\plugins\org.eclipse.m2e.maven.runtime_3.9.900.20250220-2013\jars\maven-artifact-3.9.9.jar
2025-05-23 15:34:05,821 [Worker-32: Launching mavenrun-076b48b0-87ec-4e89-a84f-fca542ccaec7] INFO  o.eclipse.m2e.core.internal.Bundles - 	Entry: C:\DEV\eclipse\plugins\org.eclipse.m2e.maven.runtime_3.9.900.20250220-2013\jars\maven-builder-support-3.9.9.jar
2025-05-23 15:34:05,821 [Worker-32: Launching mavenrun-076b48b0-87ec-4e89-a84f-fca542ccaec7] INFO  o.eclipse.m2e.core.internal.Bundles - 	Entry: C:\DEV\eclipse\plugins\org.eclipse.m2e.maven.runtime_3.9.900.20250220-2013\jars\maven-compat-3.9.9.jar
2025-05-23 15:34:05,821 [Worker-32: Launching mavenrun-076b48b0-87ec-4e89-a84f-fca542ccaec7] INFO  o.eclipse.m2e.core.internal.Bundles - 	Entry: C:\DEV\eclipse\plugins\org.eclipse.m2e.maven.runtime_3.9.900.20250220-2013\jars\maven-core-3.9.9.jar
2025-05-23 15:34:05,821 [Worker-32: Launching mavenrun-076b48b0-87ec-4e89-a84f-fca542ccaec7] INFO  o.eclipse.m2e.core.internal.Bundles - 	Entry: C:\DEV\eclipse\plugins\org.eclipse.m2e.maven.runtime_3.9.900.20250220-2013\jars\maven-embedder-3.9.9.jar
2025-05-23 15:34:05,821 [Worker-32: Launching mavenrun-076b48b0-87ec-4e89-a84f-fca542ccaec7] INFO  o.eclipse.m2e.core.internal.Bundles - 	Entry: C:\DEV\eclipse\plugins\org.eclipse.m2e.maven.runtime_3.9.900.20250220-2013\jars\maven-model-3.9.9.jar
2025-05-23 15:34:05,821 [Worker-32: Launching mavenrun-076b48b0-87ec-4e89-a84f-fca542ccaec7] INFO  o.eclipse.m2e.core.internal.Bundles - 	Entry: C:\DEV\eclipse\plugins\org.eclipse.m2e.maven.runtime_3.9.900.20250220-2013\jars\maven-model-builder-3.9.9.jar
2025-05-23 15:34:05,821 [Worker-32: Launching mavenrun-076b48b0-87ec-4e89-a84f-fca542ccaec7] INFO  o.eclipse.m2e.core.internal.Bundles - 	Entry: C:\DEV\eclipse\plugins\org.eclipse.m2e.maven.runtime_3.9.900.20250220-2013\jars\maven-plugin-api-3.9.9.jar
2025-05-23 15:34:05,821 [Worker-32: Launching mavenrun-076b48b0-87ec-4e89-a84f-fca542ccaec7] INFO  o.eclipse.m2e.core.internal.Bundles - 	Entry: C:\DEV\eclipse\plugins\org.eclipse.m2e.maven.runtime_3.9.900.20250220-2013\jars\maven-repository-metadata-3.9.9.jar
2025-05-23 15:34:05,821 [Worker-32: Launching mavenrun-076b48b0-87ec-4e89-a84f-fca542ccaec7] INFO  o.eclipse.m2e.core.internal.Bundles - 	Entry: C:\DEV\eclipse\plugins\org.eclipse.m2e.maven.runtime_3.9.900.20250220-2013\jars\maven-resolver-api-1.9.22.jar
2025-05-23 15:34:05,821 [Worker-32: Launching mavenrun-076b48b0-87ec-4e89-a84f-fca542ccaec7] INFO  o.eclipse.m2e.core.internal.Bundles - 	Entry: C:\DEV\eclipse\plugins\org.eclipse.m2e.maven.runtime_3.9.900.20250220-2013\jars\maven-resolver-connector-basic-1.9.22.jar
2025-05-23 15:34:05,821 [Worker-32: Launching mavenrun-076b48b0-87ec-4e89-a84f-fca542ccaec7] INFO  o.eclipse.m2e.core.internal.Bundles - 	Entry: C:\DEV\eclipse\plugins\org.eclipse.m2e.maven.runtime_3.9.900.20250220-2013\jars\maven-resolver-impl-1.9.22.jar
2025-05-23 15:34:05,821 [Worker-32: Launching mavenrun-076b48b0-87ec-4e89-a84f-fca542ccaec7] INFO  o.eclipse.m2e.core.internal.Bundles - 	Entry: C:\DEV\eclipse\plugins\org.eclipse.m2e.maven.runtime_3.9.900.20250220-2013\jars\maven-resolver-named-locks-1.9.22.jar
2025-05-23 15:34:05,822 [Worker-32: Launching mavenrun-076b48b0-87ec-4e89-a84f-fca542ccaec7] INFO  o.eclipse.m2e.core.internal.Bundles - 	Entry: C:\DEV\eclipse\plugins\org.eclipse.m2e.maven.runtime_3.9.900.20250220-2013\jars\maven-resolver-provider-3.9.9.jar
2025-05-23 15:34:05,822 [Worker-32: Launching mavenrun-076b48b0-87ec-4e89-a84f-fca542ccaec7] INFO  o.eclipse.m2e.core.internal.Bundles - 	Entry: C:\DEV\eclipse\plugins\org.eclipse.m2e.maven.runtime_3.9.900.20250220-2013\jars\maven-resolver-spi-1.9.22.jar
2025-05-23 15:34:05,822 [Worker-32: Launching mavenrun-076b48b0-87ec-4e89-a84f-fca542ccaec7] INFO  o.eclipse.m2e.core.internal.Bundles - 	Entry: C:\DEV\eclipse\plugins\org.eclipse.m2e.maven.runtime_3.9.900.20250220-2013\jars\maven-resolver-transport-file-1.9.22.jar
2025-05-23 15:34:05,822 [Worker-32: Launching mavenrun-076b48b0-87ec-4e89-a84f-fca542ccaec7] INFO  o.eclipse.m2e.core.internal.Bundles - 	Entry: C:\DEV\eclipse\plugins\org.eclipse.m2e.maven.runtime_3.9.900.20250220-2013\jars\maven-resolver-transport-http-1.9.22.jar
2025-05-23 15:34:05,822 [Worker-32: Launching mavenrun-076b48b0-87ec-4e89-a84f-fca542ccaec7] INFO  o.eclipse.m2e.core.internal.Bundles - 	Entry: C:\DEV\eclipse\plugins\org.eclipse.m2e.maven.runtime_3.9.900.20250220-2013\jars\maven-resolver-transport-wagon-1.9.22.jar
2025-05-23 15:34:05,822 [Worker-32: Launching mavenrun-076b48b0-87ec-4e89-a84f-fca542ccaec7] INFO  o.eclipse.m2e.core.internal.Bundles - 	Entry: C:\DEV\eclipse\plugins\org.eclipse.m2e.maven.runtime_3.9.900.20250220-2013\jars\maven-resolver-util-1.9.22.jar
2025-05-23 15:34:05,822 [Worker-32: Launching mavenrun-076b48b0-87ec-4e89-a84f-fca542ccaec7] INFO  o.eclipse.m2e.core.internal.Bundles - 	Entry: C:\DEV\eclipse\plugins\org.eclipse.m2e.maven.runtime_3.9.900.20250220-2013\jars\maven-settings-3.9.9.jar
2025-05-23 15:34:05,822 [Worker-32: Launching mavenrun-076b48b0-87ec-4e89-a84f-fca542ccaec7] INFO  o.eclipse.m2e.core.internal.Bundles - 	Entry: C:\DEV\eclipse\plugins\org.eclipse.m2e.maven.runtime_3.9.900.20250220-2013\jars\maven-settings-builder-3.9.9.jar
2025-05-23 15:34:05,822 [Worker-32: Launching mavenrun-076b48b0-87ec-4e89-a84f-fca542ccaec7] INFO  o.eclipse.m2e.core.internal.Bundles - 	Entry: C:\DEV\eclipse\plugins\org.eclipse.m2e.maven.runtime_3.9.900.20250220-2013\jars\maven-shared-utils-3.4.2.jar
2025-05-23 15:34:05,822 [Worker-32: Launching mavenrun-076b48b0-87ec-4e89-a84f-fca542ccaec7] INFO  o.eclipse.m2e.core.internal.Bundles - 	Entry: C:\DEV\eclipse\plugins\org.eclipse.m2e.maven.runtime_3.9.900.20250220-2013\jars\org.eclipse.sisu.inject-0.9.0.M3.jar
2025-05-23 15:34:05,822 [Worker-32: Launching mavenrun-076b48b0-87ec-4e89-a84f-fca542ccaec7] INFO  o.eclipse.m2e.core.internal.Bundles - 	Entry: C:\DEV\eclipse\plugins\org.eclipse.m2e.maven.runtime_3.9.900.20250220-2013\jars\org.eclipse.sisu.plexus-0.9.0.M3.jar
2025-05-23 15:34:05,822 [Worker-32: Launching mavenrun-076b48b0-87ec-4e89-a84f-fca542ccaec7] INFO  o.eclipse.m2e.core.internal.Bundles - 	Entry: C:\DEV\eclipse\plugins\org.eclipse.m2e.maven.runtime_3.9.900.20250220-2013\jars\plexus-build-api-0.0.7.jar
2025-05-23 15:34:05,822 [Worker-32: Launching mavenrun-076b48b0-87ec-4e89-a84f-fca542ccaec7] INFO  o.eclipse.m2e.core.internal.Bundles - 	Entry: C:\DEV\eclipse\plugins\org.eclipse.m2e.maven.runtime_3.9.900.20250220-2013\jars\plexus-build-api-1.2.0.jar
2025-05-23 15:34:05,822 [Worker-32: Launching mavenrun-076b48b0-87ec-4e89-a84f-fca542ccaec7] INFO  o.eclipse.m2e.core.internal.Bundles - 	Entry: C:\DEV\eclipse\plugins\org.eclipse.m2e.maven.runtime_3.9.900.20250220-2013\jars\plexus-cipher-2.0.jar
2025-05-23 15:34:05,823 [Worker-32: Launching mavenrun-076b48b0-87ec-4e89-a84f-fca542ccaec7] INFO  o.eclipse.m2e.core.internal.Bundles - 	Entry: C:\DEV\eclipse\plugins\org.eclipse.m2e.maven.runtime_3.9.900.20250220-2013\jars\plexus-classworlds-2.8.0.jar
2025-05-23 15:34:05,823 [Worker-32: Launching mavenrun-076b48b0-87ec-4e89-a84f-fca542ccaec7] INFO  o.eclipse.m2e.core.internal.Bundles - 	Entry: C:\DEV\eclipse\plugins\org.eclipse.m2e.maven.runtime_3.9.900.20250220-2013\jars\plexus-component-annotations-2.1.0.jar
2025-05-23 15:34:05,823 [Worker-32: Launching mavenrun-076b48b0-87ec-4e89-a84f-fca542ccaec7] INFO  o.eclipse.m2e.core.internal.Bundles - 	Entry: C:\DEV\eclipse\plugins\org.eclipse.m2e.maven.runtime_3.9.900.20250220-2013\jars\plexus-interpolation-1.27.jar
2025-05-23 15:34:05,823 [Worker-32: Launching mavenrun-076b48b0-87ec-4e89-a84f-fca542ccaec7] INFO  o.eclipse.m2e.core.internal.Bundles - 	Entry: C:\DEV\eclipse\plugins\org.eclipse.m2e.maven.runtime_3.9.900.20250220-2013\jars\plexus-sec-dispatcher-2.0.jar
2025-05-23 15:34:05,823 [Worker-32: Launching mavenrun-076b48b0-87ec-4e89-a84f-fca542ccaec7] INFO  o.eclipse.m2e.core.internal.Bundles - 	Entry: C:\DEV\eclipse\plugins\org.eclipse.m2e.maven.runtime_3.9.900.20250220-2013\jars\plexus-utils-3.5.1.jar
2025-05-23 15:34:05,823 [Worker-32: Launching mavenrun-076b48b0-87ec-4e89-a84f-fca542ccaec7] INFO  o.eclipse.m2e.core.internal.Bundles - 	Entry: C:\DEV\eclipse\plugins\org.eclipse.m2e.maven.runtime_3.9.900.20250220-2013\jars\plexus-xml-3.0.1.jar
2025-05-23 15:34:05,823 [Worker-32: Launching mavenrun-076b48b0-87ec-4e89-a84f-fca542ccaec7] INFO  o.eclipse.m2e.core.internal.Bundles - 	Entry: C:\DEV\eclipse\plugins\org.eclipse.m2e.maven.runtime_3.9.900.20250220-2013\jars\wagon-file-3.5.3.jar
2025-05-23 15:34:05,823 [Worker-32: Launching mavenrun-076b48b0-87ec-4e89-a84f-fca542ccaec7] INFO  o.eclipse.m2e.core.internal.Bundles - 	Entry: C:\DEV\eclipse\plugins\org.eclipse.m2e.maven.runtime_3.9.900.20250220-2013\jars\wagon-http-3.5.3.jar
2025-05-23 15:34:05,823 [Worker-32: Launching mavenrun-076b48b0-87ec-4e89-a84f-fca542ccaec7] INFO  o.eclipse.m2e.core.internal.Bundles - 	Entry: C:\DEV\eclipse\plugins\org.eclipse.m2e.maven.runtime_3.9.900.20250220-2013\jars\wagon-http-shared-3.5.3.jar
2025-05-23 15:34:05,823 [Worker-32: Launching mavenrun-076b48b0-87ec-4e89-a84f-fca542ccaec7] INFO  o.eclipse.m2e.core.internal.Bundles - 	Entry: C:\DEV\eclipse\plugins\org.eclipse.m2e.maven.runtime_3.9.900.20250220-2013\jars\wagon-provider-api-3.5.3.jar
2025-05-23 15:34:05,824 [Worker-32: Launching mavenrun-076b48b0-87ec-4e89-a84f-fca542ccaec7] INFO  o.eclipse.m2e.core.internal.Bundles - getClasspathEntries(Bundle=com.google.guava_33.4.0.jre [16])
2025-05-23 15:34:05,824 [Worker-32: Launching mavenrun-076b48b0-87ec-4e89-a84f-fca542ccaec7] INFO  o.eclipse.m2e.core.internal.Bundles - 	Entry: C:\DEV\eclipse\plugins\com.google.guava_33.4.0.jre.jar
2025-05-23 15:34:05,824 [Worker-32: Launching mavenrun-076b48b0-87ec-4e89-a84f-fca542ccaec7] INFO  o.eclipse.m2e.core.internal.Bundles - getClasspathEntries(Bundle=slf4j.api_2.0.17 [1030])
2025-05-23 15:34:05,824 [Worker-32: Launching mavenrun-076b48b0-87ec-4e89-a84f-fca542ccaec7] INFO  o.eclipse.m2e.core.internal.Bundles - 	Entry: C:\DEV\eclipse\plugins\slf4j.api_2.0.17.jar
2025-05-23 15:34:05,824 [Worker-32: Launching mavenrun-076b48b0-87ec-4e89-a84f-fca542ccaec7] INFO  o.eclipse.m2e.core.internal.Bundles - getClasspathEntries(Bundle=javax.inject_1.0.0.v20220405-0441 [1013])
2025-05-23 15:34:05,825 [Worker-32: Launching mavenrun-076b48b0-87ec-4e89-a84f-fca542ccaec7] INFO  o.eclipse.m2e.core.internal.Bundles - 	Entry: C:\DEV\eclipse\plugins\javax.inject_1.0.0.v20220405-0441.jar
2025-05-23 15:34:05,825 [Worker-32: Launching mavenrun-076b48b0-87ec-4e89-a84f-fca542ccaec7] INFO  o.eclipse.m2e.core.internal.Bundles - getClasspathEntries(Bundle=javax.annotation_1.3.5.v20230504-0748 [1012])
2025-05-23 15:34:05,825 [Worker-32: Launching mavenrun-076b48b0-87ec-4e89-a84f-fca542ccaec7] INFO  o.eclipse.m2e.core.internal.Bundles - 	Entry: C:\DEV\eclipse\plugins\javax.annotation_1.3.5.v20230504-0748.jar
2025-05-23 15:34:05,825 [Worker-32: Launching mavenrun-076b48b0-87ec-4e89-a84f-fca542ccaec7] INFO  o.eclipse.m2e.core.internal.Bundles - getClasspathEntries(Bundle=org.apache.commons.cli_1.9.0 [74])
2025-05-23 15:34:05,825 [Worker-32: Launching mavenrun-076b48b0-87ec-4e89-a84f-fca542ccaec7] INFO  o.eclipse.m2e.core.internal.Bundles - 	Entry: C:\DEV\eclipse\plugins\org.apache.commons.cli_1.9.0.jar
2025-05-23 15:34:05,825 [Worker-32: Launching mavenrun-076b48b0-87ec-4e89-a84f-fca542ccaec7] INFO  o.eclipse.m2e.core.internal.Bundles - getClasspathEntries(Bundle=org.apache.commons.commons-codec_1.16.0 [76])
2025-05-23 15:34:05,826 [Worker-32: Launching mavenrun-076b48b0-87ec-4e89-a84f-fca542ccaec7] INFO  o.eclipse.m2e.core.internal.Bundles - 	Entry: C:\DEV\eclipse\plugins\org.apache.commons.commons-codec_1.16.0.jar
2025-05-23 15:34:05,826 [Worker-32: Launching mavenrun-076b48b0-87ec-4e89-a84f-fca542ccaec7] INFO  o.eclipse.m2e.core.internal.Bundles - getClasspathEntries(Bundle=com.google.guava.failureaccess_1.0.2 [17])
2025-05-23 15:34:05,827 [Worker-32: Launching mavenrun-076b48b0-87ec-4e89-a84f-fca542ccaec7] INFO  o.eclipse.m2e.core.internal.Bundles - 	Entry: C:\DEV\eclipse\plugins\com.google.guava.failureaccess_1.0.2.jar
2025-05-23 15:34:05,830 [Worker-32: Launching mavenrun-076b48b0-87ec-4e89-a84f-fca542ccaec7] INFO  o.e.m.i.launch.MavenLaunchDelegate - Run build in "C:\Users\student\AppData\Local\Temp\m2e-archetypeGenerator3209356050652572413":
2025-05-23 15:34:05,831 [Worker-32: Launching mavenrun-076b48b0-87ec-4e89-a84f-fca542ccaec7] INFO  o.e.m.i.launch.MavenLaunchDelegate -  mvn  -DjavaCompilerVersion=21 -DjunitVersion=5.11.0 -DarchetypeGroupId=org.apache.maven.archetypes -DarchetypeArtifactId=maven-archetype-quickstart -DarchetypeVersion=1.5 -DgroupId=com.multicampus -DartifactId=MavenProject -Dversion=0.0.1-SNAPSHOT -Dpackage=com.multicampus -DoutputDirectory=C:\DEV\eclipse-workspace -Dstyle.color=always -U archetype:generate
2025-05-23 15:34:20,099 [Worker-42: Creating maven-archetype-quickstart] INFO  o.e.m.c.i.p.ProjectConfigurationManager - Collecting project info '/pom.xml' C:\DEV\eclipse-workspace\MavenProject\pom.xml
2025-05-23 15:34:20,614 [Worker-42: Creating maven-archetype-quickstart] INFO  o.e.m.c.i.l.LifecycleMappingFactory - Using org.eclipse.m2e.jdt.JarLifecycleMapping lifecycle mapping for MavenProject: com.multicampus:MavenProject:0.0.1-SNAPSHOT @ C:\DEV\eclipse-workspace\MavenProject\pom.xml.
2025-05-23 15:34:21,303 [Worker-42: Creating maven-archetype-quickstart] INFO  o.e.m.j.i.AbstractJavaProjectConfigurator - Adding source folder /MavenProject/src/main/java
2025-05-23 15:34:21,305 [Worker-42: Creating maven-archetype-quickstart] INFO  o.e.m.j.i.AbstractJavaProjectConfigurator - Adding resource folder /MavenProject/src/main/resources
2025-05-23 15:34:21,307 [Worker-42: Creating maven-archetype-quickstart] INFO  o.e.m.j.i.AbstractJavaProjectConfigurator - Adding source folder /MavenProject/src/test/java
2025-05-23 15:34:21,307 [Worker-42: Creating maven-archetype-quickstart] INFO  o.e.m.j.i.AbstractJavaProjectConfigurator - Adding resource folder /MavenProject/src/test/resources
2025-05-23 15:34:21,400 [Worker-42: Creating maven-archetype-quickstart] INFO  o.e.m.c.i.p.ProjectConfigurationManager - Imported and configured 1 project(s) in 1 sec
2025-05-23 15:34:21,645 [Worker-42: Building] INFO  o.a.m.s.f.DefaultMavenResourcesFiltering - skip non existing resourceDirectory C:\DEV\eclipse-workspace\MavenProject\src\main\resources
2025-05-23 15:34:21,649 [Worker-42: Building] INFO  o.a.m.s.f.DefaultMavenResourcesFiltering - skip non existing resourceDirectory C:\DEV\eclipse-workspace\MavenProject\src\test\resources
2025-05-23 15:37:27,692 [Worker-42: Building] INFO  o.e.m.c.i.l.LifecycleMappingFactory - Using org.eclipse.m2e.jdt.JarLifecycleMapping lifecycle mapping for MavenProject: com.multicampus:MavenProject:0.0.1-SNAPSHOT @ C:\DEV\eclipse-workspace\MavenProject\pom.xml.
2025-05-23 15:37:27,753 [Worker-42: Building] INFO  o.e.m.c.i.e.AbstractTransferListenerAdapter - Downloading https://repo.maven.apache.org/maven2/org/springframework/spring-webmvc/6.2.7/spring-webmvc-6.2.7.pom
2025-05-23 15:37:27,761 [Worker-42: Building] INFO  o.e.m.c.i.e.AbstractTransferListenerAdapter - Downloaded https://repo.maven.apache.org/maven2/org/springframework/spring-webmvc/6.2.7/spring-webmvc-6.2.7.pom
2025-05-23 15:37:27,771 [Worker-42: Building] INFO  o.e.m.c.i.e.AbstractTransferListenerAdapter - Downloading https://repo.maven.apache.org/maven2/org/springframework/spring-aop/6.2.7/spring-aop-6.2.7.pom
2025-05-23 15:37:27,778 [Worker-42: Building] INFO  o.e.m.c.i.e.AbstractTransferListenerAdapter - Downloaded https://repo.maven.apache.org/maven2/org/springframework/spring-aop/6.2.7/spring-aop-6.2.7.pom
2025-05-23 15:37:27,786 [Worker-42: Building] INFO  o.e.m.c.i.e.AbstractTransferListenerAdapter - Downloading https://repo.maven.apache.org/maven2/org/springframework/spring-beans/6.2.7/spring-beans-6.2.7.pom
2025-05-23 15:37:27,793 [Worker-42: Building] INFO  o.e.m.c.i.e.AbstractTransferListenerAdapter - Downloaded https://repo.maven.apache.org/maven2/org/springframework/spring-beans/6.2.7/spring-beans-6.2.7.pom
2025-05-23 15:37:27,801 [Worker-42: Building] INFO  o.e.m.c.i.e.AbstractTransferListenerAdapter - Downloading https://repo.maven.apache.org/maven2/org/springframework/spring-core/6.2.7/spring-core-6.2.7.pom
2025-05-23 15:37:27,807 [Worker-42: Building] INFO  o.e.m.c.i.e.AbstractTransferListenerAdapter - Downloaded https://repo.maven.apache.org/maven2/org/springframework/spring-core/6.2.7/spring-core-6.2.7.pom
2025-05-23 15:37:27,815 [Worker-42: Building] INFO  o.e.m.c.i.e.AbstractTransferListenerAdapter - Downloading https://repo.maven.apache.org/maven2/org/springframework/spring-jcl/6.2.7/spring-jcl-6.2.7.pom
2025-05-23 15:37:27,821 [Worker-42: Building] INFO  o.e.m.c.i.e.AbstractTransferListenerAdapter - Downloaded https://repo.maven.apache.org/maven2/org/springframework/spring-jcl/6.2.7/spring-jcl-6.2.7.pom
2025-05-23 15:37:27,829 [Worker-42: Building] INFO  o.e.m.c.i.e.AbstractTransferListenerAdapter - Downloading https://repo.maven.apache.org/maven2/org/springframework/spring-context/6.2.7/spring-context-6.2.7.pom
2025-05-23 15:37:27,836 [Worker-42: Building] INFO  o.e.m.c.i.e.AbstractTransferListenerAdapter - Downloaded https://repo.maven.apache.org/maven2/org/springframework/spring-context/6.2.7/spring-context-6.2.7.pom
2025-05-23 15:37:27,844 [Worker-42: Building] INFO  o.e.m.c.i.e.AbstractTransferListenerAdapter - Downloading https://repo.maven.apache.org/maven2/org/springframework/spring-expression/6.2.7/spring-expression-6.2.7.pom
2025-05-23 15:37:27,850 [Worker-42: Building] INFO  o.e.m.c.i.e.AbstractTransferListenerAdapter - Downloaded https://repo.maven.apache.org/maven2/org/springframework/spring-expression/6.2.7/spring-expression-6.2.7.pom
2025-05-23 15:37:27,858 [Worker-42: Building] INFO  o.e.m.c.i.e.AbstractTransferListenerAdapter - Downloading https://repo.maven.apache.org/maven2/io/micrometer/micrometer-observation/1.14.7/micrometer-observation-1.14.7.pom
2025-05-23 15:37:27,863 [Worker-42: Building] INFO  o.e.m.c.i.e.AbstractTransferListenerAdapter - Downloaded https://repo.maven.apache.org/maven2/io/micrometer/micrometer-observation/1.14.7/micrometer-observation-1.14.7.pom
2025-05-23 15:37:27,871 [Worker-42: Building] INFO  o.e.m.c.i.e.AbstractTransferListenerAdapter - Downloading https://repo.maven.apache.org/maven2/io/micrometer/micrometer-commons/1.14.7/micrometer-commons-1.14.7.pom
2025-05-23 15:37:27,877 [Worker-42: Building] INFO  o.e.m.c.i.e.AbstractTransferListenerAdapter - Downloaded https://repo.maven.apache.org/maven2/io/micrometer/micrometer-commons/1.14.7/micrometer-commons-1.14.7.pom
2025-05-23 15:37:27,885 [Worker-42: Building] INFO  o.e.m.c.i.e.AbstractTransferListenerAdapter - Downloading https://repo.maven.apache.org/maven2/org/springframework/spring-web/6.2.7/spring-web-6.2.7.pom
2025-05-23 15:37:27,890 [Worker-42: Building] INFO  o.e.m.c.i.e.AbstractTransferListenerAdapter - Downloaded https://repo.maven.apache.org/maven2/org/springframework/spring-web/6.2.7/spring-web-6.2.7.pom
2025-05-23 15:37:27,905 [Worker-42: Building] INFO  o.e.m.c.i.e.AbstractTransferListenerAdapter - Downloading https://repo.maven.apache.org/maven2/org/springframework/spring-webmvc/6.2.7/spring-webmvc-6.2.7.jar
2025-05-23 15:37:27,935 [Worker-42: Building] INFO  o.e.m.c.i.e.AbstractTransferListenerAdapter - Downloaded https://repo.maven.apache.org/maven2/org/springframework/spring-webmvc/6.2.7/spring-webmvc-6.2.7.jar
2025-05-23 15:37:27,945 [BasicRepositoryConnector-repo.maven.apache.org-0-1] INFO  o.e.m.c.i.e.AbstractTransferListenerAdapter - Downloading https://repo.maven.apache.org/maven2/org/springframework/spring-beans/6.2.7/spring-beans-6.2.7.jar
2025-05-23 15:37:27,946 [BasicRepositoryConnector-repo.maven.apache.org-0-4] INFO  o.e.m.c.i.e.AbstractTransferListenerAdapter - Downloading https://repo.maven.apache.org/maven2/io/micrometer/micrometer-commons/1.14.7/micrometer-commons-1.14.7.jar
2025-05-23 15:37:27,946 [BasicRepositoryConnector-repo.maven.apache.org-0-3] INFO  o.e.m.c.i.e.AbstractTransferListenerAdapter - Downloading https://repo.maven.apache.org/maven2/io/micrometer/micrometer-observation/1.14.7/micrometer-observation-1.14.7.jar
2025-05-23 15:37:27,947 [BasicRepositoryConnector-repo.maven.apache.org-0-0] INFO  o.e.m.c.i.e.AbstractTransferListenerAdapter - Downloading https://repo.maven.apache.org/maven2/org/springframework/spring-aop/6.2.7/spring-aop-6.2.7.jar
2025-05-23 15:37:27,959 [BasicRepositoryConnector-repo.maven.apache.org-0-3] INFO  o.e.m.c.i.e.AbstractTransferListenerAdapter - Downloaded https://repo.maven.apache.org/maven2/io/micrometer/micrometer-observation/1.14.7/micrometer-observation-1.14.7.jar
2025-05-23 15:37:27,959 [BasicRepositoryConnector-repo.maven.apache.org-0-4] INFO  o.e.m.c.i.e.AbstractTransferListenerAdapter - Downloaded https://repo.maven.apache.org/maven2/io/micrometer/micrometer-commons/1.14.7/micrometer-commons-1.14.7.jar
2025-05-23 15:37:27,962 [BasicRepositoryConnector-repo.maven.apache.org-0-4] INFO  o.e.m.c.i.e.AbstractTransferListenerAdapter - Downloading https://repo.maven.apache.org/maven2/org/springframework/spring-jcl/6.2.7/spring-jcl-6.2.7.jar
2025-05-23 15:37:27,963 [BasicRepositoryConnector-repo.maven.apache.org-0-3] INFO  o.e.m.c.i.e.AbstractTransferListenerAdapter - Downloading https://repo.maven.apache.org/maven2/org/springframework/spring-core/6.2.7/spring-core-6.2.7.jar
2025-05-23 15:37:27,964 [BasicRepositoryConnector-repo.maven.apache.org-0-2] INFO  o.e.m.c.i.e.AbstractTransferListenerAdapter - Downloading https://repo.maven.apache.org/maven2/org/springframework/spring-context/6.2.7/spring-context-6.2.7.jar
2025-05-23 15:37:27,970 [BasicRepositoryConnector-repo.maven.apache.org-0-0] INFO  o.e.m.c.i.e.AbstractTransferListenerAdapter - Downloaded https://repo.maven.apache.org/maven2/org/springframework/spring-aop/6.2.7/spring-aop-6.2.7.jar
2025-05-23 15:37:27,973 [BasicRepositoryConnector-repo.maven.apache.org-0-4] INFO  o.e.m.c.i.e.AbstractTransferListenerAdapter - Downloaded https://repo.maven.apache.org/maven2/org/springframework/spring-jcl/6.2.7/spring-jcl-6.2.7.jar
2025-05-23 15:37:27,976 [BasicRepositoryConnector-repo.maven.apache.org-0-0] INFO  o.e.m.c.i.e.AbstractTransferListenerAdapter - Downloading https://repo.maven.apache.org/maven2/org/springframework/spring-expression/6.2.7/spring-expression-6.2.7.jar
2025-05-23 15:37:27,980 [BasicRepositoryConnector-repo.maven.apache.org-0-1] INFO  o.e.m.c.i.e.AbstractTransferListenerAdapter - Downloaded https://repo.maven.apache.org/maven2/org/springframework/spring-beans/6.2.7/spring-beans-6.2.7.jar
2025-05-23 15:37:27,990 [BasicRepositoryConnector-repo.maven.apache.org-0-4] INFO  o.e.m.c.i.e.AbstractTransferListenerAdapter - Downloading https://repo.maven.apache.org/maven2/org/springframework/spring-web/6.2.7/spring-web-6.2.7.jar
2025-05-23 15:37:28,014 [BasicRepositoryConnector-repo.maven.apache.org-0-0] INFO  o.e.m.c.i.e.AbstractTransferListenerAdapter - Downloaded https://repo.maven.apache.org/maven2/org/springframework/spring-expression/6.2.7/spring-expression-6.2.7.jar
2025-05-23 15:37:28,057 [BasicRepositoryConnector-repo.maven.apache.org-0-3] INFO  o.e.m.c.i.e.AbstractTransferListenerAdapter - Downloaded https://repo.maven.apache.org/maven2/org/springframework/spring-core/6.2.7/spring-core-6.2.7.jar
2025-05-23 15:37:28,082 [BasicRepositoryConnector-repo.maven.apache.org-0-4] INFO  o.e.m.c.i.e.AbstractTransferListenerAdapter - Downloaded https://repo.maven.apache.org/maven2/org/springframework/spring-web/6.2.7/spring-web-6.2.7.jar
2025-05-23 15:37:28,095 [BasicRepositoryConnector-repo.maven.apache.org-0-2] INFO  o.e.m.c.i.e.AbstractTransferListenerAdapter - Downloaded https://repo.maven.apache.org/maven2/org/springframework/spring-context/6.2.7/spring-context-6.2.7.jar
2025-05-23 15:37:28,235 [Worker-42: Building] INFO  o.a.m.s.f.DefaultMavenResourcesFiltering - skip non existing resourceDirectory C:\DEV\eclipse-workspace\MavenProject\src\main\resources
2025-05-23 15:37:28,237 [Worker-42: Building] INFO  o.a.m.s.f.DefaultMavenResourcesFiltering - skip non existing resourceDirectory C:\DEV\eclipse-workspace\MavenProject\src\test\resources
2025-05-23 15:37:29,175 [Worker-5: Download sources and javadoc] INFO  o.e.m.c.i.e.AbstractTransferListenerAdapter - Downloading https://repo.maven.apache.org/maven2/org/springframework/spring-webmvc/6.2.7/spring-webmvc-6.2.7-sources.jar
2025-05-23 15:37:29,194 [Worker-5: Download sources and javadoc] INFO  o.e.m.c.i.e.AbstractTransferListenerAdapter - Downloaded https://repo.maven.apache.org/maven2/org/springframework/spring-webmvc/6.2.7/spring-webmvc-6.2.7-sources.jar
2025-05-23 15:37:29,197 [Worker-5: Download sources and javadoc] INFO  o.e.m.j.internal.DownloadSourcesJob - Downloaded sources for org.springframework:spring-webmvc:6.2.7
2025-05-23 15:37:29,213 [Worker-5: Download sources and javadoc] INFO  o.e.m.c.i.e.AbstractTransferListenerAdapter - Downloading https://repo.maven.apache.org/maven2/org/springframework/spring-aop/6.2.7/spring-aop-6.2.7-sources.jar
2025-05-23 15:37:29,256 [Worker-5: Download sources and javadoc] INFO  o.e.m.c.i.e.AbstractTransferListenerAdapter - Downloaded https://repo.maven.apache.org/maven2/org/springframework/spring-aop/6.2.7/spring-aop-6.2.7-sources.jar
2025-05-23 15:37:29,263 [Worker-5: Download sources and javadoc] INFO  o.e.m.j.internal.DownloadSourcesJob - Downloaded sources for org.springframework:spring-aop:6.2.7
2025-05-23 15:37:29,281 [Worker-5: Download sources and javadoc] INFO  o.e.m.c.i.e.AbstractTransferListenerAdapter - Downloading https://repo.maven.apache.org/maven2/org/springframework/spring-beans/6.2.7/spring-beans-6.2.7-sources.jar
2025-05-23 15:37:29,299 [Worker-5: Download sources and javadoc] INFO  o.e.m.c.i.e.AbstractTransferListenerAdapter - Downloaded https://repo.maven.apache.org/maven2/org/springframework/spring-beans/6.2.7/spring-beans-6.2.7-sources.jar
2025-05-23 15:37:29,301 [Worker-5: Download sources and javadoc] INFO  o.e.m.j.internal.DownloadSourcesJob - Downloaded sources for org.springframework:spring-beans:6.2.7
2025-05-23 15:37:29,311 [Worker-5: Download sources and javadoc] INFO  o.e.m.c.i.e.AbstractTransferListenerAdapter - Downloading https://repo.maven.apache.org/maven2/org/springframework/spring-context/6.2.7/spring-context-6.2.7-sources.jar
2025-05-23 15:37:29,335 [Worker-5: Download sources and javadoc] INFO  o.e.m.c.i.e.AbstractTransferListenerAdapter - Downloaded https://repo.maven.apache.org/maven2/org/springframework/spring-context/6.2.7/spring-context-6.2.7-sources.jar
2025-05-23 15:37:29,337 [Worker-5: Download sources and javadoc] INFO  o.e.m.j.internal.DownloadSourcesJob - Downloaded sources for org.springframework:spring-context:6.2.7
2025-05-23 15:37:29,348 [Worker-5: Download sources and javadoc] INFO  o.e.m.c.i.e.AbstractTransferListenerAdapter - Downloading https://repo.maven.apache.org/maven2/io/micrometer/micrometer-observation/1.14.7/micrometer-observation-1.14.7-sources.jar
2025-05-23 15:37:29,355 [Worker-5: Download sources and javadoc] INFO  o.e.m.c.i.e.AbstractTransferListenerAdapter - Downloaded https://repo.maven.apache.org/maven2/io/micrometer/micrometer-observation/1.14.7/micrometer-observation-1.14.7-sources.jar
2025-05-23 15:37:29,357 [Worker-5: Download sources and javadoc] INFO  o.e.m.j.internal.DownloadSourcesJob - Downloaded sources for io.micrometer:micrometer-observation:1.14.7
2025-05-23 15:37:29,358 [Worker-40: Building] INFO  o.a.m.s.f.DefaultMavenResourcesFiltering - skip non existing resourceDirectory C:\DEV\eclipse-workspace\MavenProject\src\main\resources
2025-05-23 15:37:29,359 [Worker-40: Building] INFO  o.a.m.s.f.DefaultMavenResourcesFiltering - skip non existing resourceDirectory C:\DEV\eclipse-workspace\MavenProject\src\test\resources
2025-05-23 15:37:29,367 [Worker-5: Download sources and javadoc] INFO  o.e.m.c.i.e.AbstractTransferListenerAdapter - Downloading https://repo.maven.apache.org/maven2/io/micrometer/micrometer-commons/1.14.7/micrometer-commons-1.14.7-sources.jar
2025-05-23 15:37:29,374 [Worker-5: Download sources and javadoc] INFO  o.e.m.c.i.e.AbstractTransferListenerAdapter - Downloaded https://repo.maven.apache.org/maven2/io/micrometer/micrometer-commons/1.14.7/micrometer-commons-1.14.7-sources.jar
2025-05-23 15:37:29,376 [Worker-5: Download sources and javadoc] INFO  o.e.m.j.internal.DownloadSourcesJob - Downloaded sources for io.micrometer:micrometer-commons:1.14.7
2025-05-23 15:37:29,389 [Worker-5: Download sources and javadoc] INFO  o.e.m.c.i.e.AbstractTransferListenerAdapter - Downloading https://repo.maven.apache.org/maven2/org/springframework/spring-core/6.2.7/spring-core-6.2.7-sources.jar
2025-05-23 15:37:29,418 [Worker-5: Download sources and javadoc] INFO  o.e.m.c.i.e.AbstractTransferListenerAdapter - Downloaded https://repo.maven.apache.org/maven2/org/springframework/spring-core/6.2.7/spring-core-6.2.7-sources.jar
2025-05-23 15:37:29,420 [Worker-5: Download sources and javadoc] INFO  o.e.m.j.internal.DownloadSourcesJob - Downloaded sources for org.springframework:spring-core:6.2.7
2025-05-23 15:37:29,430 [Worker-5: Download sources and javadoc] INFO  o.e.m.c.i.e.AbstractTransferListenerAdapter - Downloading https://repo.maven.apache.org/maven2/org/springframework/spring-jcl/6.2.7/spring-jcl-6.2.7-sources.jar
2025-05-23 15:37:29,435 [Worker-5: Download sources and javadoc] INFO  o.e.m.c.i.e.AbstractTransferListenerAdapter - Downloaded https://repo.maven.apache.org/maven2/org/springframework/spring-jcl/6.2.7/spring-jcl-6.2.7-sources.jar
2025-05-23 15:37:29,437 [Worker-5: Download sources and javadoc] INFO  o.e.m.j.internal.DownloadSourcesJob - Downloaded sources for org.springframework:spring-jcl:6.2.7
2025-05-23 15:37:29,450 [Worker-5: Download sources and javadoc] INFO  o.e.m.c.i.e.AbstractTransferListenerAdapter - Downloading https://repo.maven.apache.org/maven2/org/springframework/spring-expression/6.2.7/spring-expression-6.2.7-sources.jar
2025-05-23 15:37:29,472 [Worker-5: Download sources and javadoc] INFO  o.e.m.c.i.e.AbstractTransferListenerAdapter - Downloaded https://repo.maven.apache.org/maven2/org/springframework/spring-expression/6.2.7/spring-expression-6.2.7-sources.jar
2025-05-23 15:37:29,475 [Worker-5: Download sources and javadoc] INFO  o.e.m.j.internal.DownloadSourcesJob - Downloaded sources for org.springframework:spring-expression:6.2.7
2025-05-23 15:37:29,487 [Worker-5: Download sources and javadoc] INFO  o.e.m.c.i.e.AbstractTransferListenerAdapter - Downloading https://repo.maven.apache.org/maven2/org/springframework/spring-web/6.2.7/spring-web-6.2.7-sources.jar
2025-05-23 15:37:29,522 [Worker-5: Download sources and javadoc] INFO  o.e.m.c.i.e.AbstractTransferListenerAdapter - Downloaded https://repo.maven.apache.org/maven2/org/springframework/spring-web/6.2.7/spring-web-6.2.7-sources.jar
2025-05-23 15:37:29,524 [Worker-5: Download sources and javadoc] INFO  o.e.m.j.internal.DownloadSourcesJob - Downloaded sources for org.springframework:spring-web:6.2.7
2025-05-23 15:39:07,130 [Worker-42: Building] INFO  o.e.m.c.i.l.LifecycleMappingFactory - Using org.eclipse.m2e.jdt.JarLifecycleMapping lifecycle mapping for MavenProject: com.multicampus:MavenProject:0.0.1-SNAPSHOT @ C:\DEV\eclipse-workspace\MavenProject\pom.xml.
2025-05-23 15:39:07,155 [Worker-42: Building] INFO  o.e.m.c.i.e.AbstractTransferListenerAdapter - Downloading https://repo.maven.apache.org/maven2/org/springframework/spring-webmvc/5.3.17/spring-webmvc-5.3.17.pom
2025-05-23 15:39:07,162 [Worker-42: Building] INFO  o.e.m.c.i.e.AbstractTransferListenerAdapter - Downloaded https://repo.maven.apache.org/maven2/org/springframework/spring-webmvc/5.3.17/spring-webmvc-5.3.17.pom
2025-05-23 15:39:07,170 [Worker-42: Building] INFO  o.e.m.c.i.e.AbstractTransferListenerAdapter - Downloading https://repo.maven.apache.org/maven2/org/springframework/spring-aop/5.3.17/spring-aop-5.3.17.pom
2025-05-23 15:39:07,175 [Worker-42: Building] INFO  o.e.m.c.i.e.AbstractTransferListenerAdapter - Downloaded https://repo.maven.apache.org/maven2/org/springframework/spring-aop/5.3.17/spring-aop-5.3.17.pom
2025-05-23 15:39:07,184 [Worker-42: Building] INFO  o.e.m.c.i.e.AbstractTransferListenerAdapter - Downloading https://repo.maven.apache.org/maven2/org/springframework/spring-beans/5.3.17/spring-beans-5.3.17.pom
2025-05-23 15:39:07,189 [Worker-42: Building] INFO  o.e.m.c.i.e.AbstractTransferListenerAdapter - Downloaded https://repo.maven.apache.org/maven2/org/springframework/spring-beans/5.3.17/spring-beans-5.3.17.pom
2025-05-23 15:39:07,197 [Worker-42: Building] INFO  o.e.m.c.i.e.AbstractTransferListenerAdapter - Downloading https://repo.maven.apache.org/maven2/org/springframework/spring-core/5.3.17/spring-core-5.3.17.pom
2025-05-23 15:39:07,203 [Worker-42: Building] INFO  o.e.m.c.i.e.AbstractTransferListenerAdapter - Downloaded https://repo.maven.apache.org/maven2/org/springframework/spring-core/5.3.17/spring-core-5.3.17.pom
2025-05-23 15:39:07,212 [Worker-42: Building] INFO  o.e.m.c.i.e.AbstractTransferListenerAdapter - Downloading https://repo.maven.apache.org/maven2/org/springframework/spring-jcl/5.3.17/spring-jcl-5.3.17.pom
2025-05-23 15:39:07,218 [Worker-42: Building] INFO  o.e.m.c.i.e.AbstractTransferListenerAdapter - Downloaded https://repo.maven.apache.org/maven2/org/springframework/spring-jcl/5.3.17/spring-jcl-5.3.17.pom
2025-05-23 15:39:07,226 [Worker-42: Building] INFO  o.e.m.c.i.e.AbstractTransferListenerAdapter - Downloading https://repo.maven.apache.org/maven2/org/springframework/spring-context/5.3.17/spring-context-5.3.17.pom
2025-05-23 15:39:07,232 [Worker-42: Building] INFO  o.e.m.c.i.e.AbstractTransferListenerAdapter - Downloaded https://repo.maven.apache.org/maven2/org/springframework/spring-context/5.3.17/spring-context-5.3.17.pom
2025-05-23 15:39:07,240 [Worker-42: Building] INFO  o.e.m.c.i.e.AbstractTransferListenerAdapter - Downloading https://repo.maven.apache.org/maven2/org/springframework/spring-expression/5.3.17/spring-expression-5.3.17.pom
2025-05-23 15:39:07,246 [Worker-42: Building] INFO  o.e.m.c.i.e.AbstractTransferListenerAdapter - Downloaded https://repo.maven.apache.org/maven2/org/springframework/spring-expression/5.3.17/spring-expression-5.3.17.pom
2025-05-23 15:39:07,255 [Worker-42: Building] INFO  o.e.m.c.i.e.AbstractTransferListenerAdapter - Downloading https://repo.maven.apache.org/maven2/org/springframework/spring-web/5.3.17/spring-web-5.3.17.pom
2025-05-23 15:39:07,261 [Worker-42: Building] INFO  o.e.m.c.i.e.AbstractTransferListenerAdapter - Downloaded https://repo.maven.apache.org/maven2/org/springframework/spring-web/5.3.17/spring-web-5.3.17.pom
2025-05-23 15:39:07,277 [Worker-42: Building] INFO  o.e.m.c.i.e.AbstractTransferListenerAdapter - Downloading https://repo.maven.apache.org/maven2/org/springframework/spring-webmvc/5.3.17/spring-webmvc-5.3.17.jar
2025-05-23 15:39:07,312 [Worker-42: Building] INFO  o.e.m.c.i.e.AbstractTransferListenerAdapter - Downloaded https://repo.maven.apache.org/maven2/org/springframework/spring-webmvc/5.3.17/spring-webmvc-5.3.17.jar
2025-05-23 15:39:07,316 [BasicRepositoryConnector-repo.maven.apache.org-1-0] INFO  o.e.m.c.i.e.AbstractTransferListenerAdapter - Downloading https://repo.maven.apache.org/maven2/org/springframework/spring-aop/5.3.17/spring-aop-5.3.17.jar
2025-05-23 15:39:07,321 [BasicRepositoryConnector-repo.maven.apache.org-1-4] INFO  o.e.m.c.i.e.AbstractTransferListenerAdapter - Downloading https://repo.maven.apache.org/maven2/org/springframework/spring-jcl/5.3.17/spring-jcl-5.3.17.jar
2025-05-23 15:39:07,323 [BasicRepositoryConnector-repo.maven.apache.org-1-3] INFO  o.e.m.c.i.e.AbstractTransferListenerAdapter - Downloading https://repo.maven.apache.org/maven2/org/springframework/spring-core/5.3.17/spring-core-5.3.17.jar
2025-05-23 15:39:07,323 [BasicRepositoryConnector-repo.maven.apache.org-1-1] INFO  o.e.m.c.i.e.AbstractTransferListenerAdapter - Downloading https://repo.maven.apache.org/maven2/org/springframework/spring-beans/5.3.17/spring-beans-5.3.17.jar
2025-05-23 15:39:07,331 [BasicRepositoryConnector-repo.maven.apache.org-1-4] INFO  o.e.m.c.i.e.AbstractTransferListenerAdapter - Downloaded https://repo.maven.apache.org/maven2/org/springframework/spring-jcl/5.3.17/spring-jcl-5.3.17.jar
2025-05-23 15:39:07,333 [BasicRepositoryConnector-repo.maven.apache.org-1-0] INFO  o.e.m.c.i.e.AbstractTransferListenerAdapter - Downloaded https://repo.maven.apache.org/maven2/org/springframework/spring-aop/5.3.17/spring-aop-5.3.17.jar
2025-05-23 15:39:07,336 [BasicRepositoryConnector-repo.maven.apache.org-1-4] INFO  o.e.m.c.i.e.AbstractTransferListenerAdapter - Downloading https://repo.maven.apache.org/maven2/org/springframework/spring-expression/5.3.17/spring-expression-5.3.17.jar
2025-05-23 15:39:07,339 [BasicRepositoryConnector-repo.maven.apache.org-1-0] INFO  o.e.m.c.i.e.AbstractTransferListenerAdapter - Downloading https://repo.maven.apache.org/maven2/org/springframework/spring-web/5.3.17/spring-web-5.3.17.jar
2025-05-23 15:39:07,344 [BasicRepositoryConnector-repo.maven.apache.org-1-2] INFO  o.e.m.c.i.e.AbstractTransferListenerAdapter - Downloading https://repo.maven.apache.org/maven2/org/springframework/spring-context/5.3.17/spring-context-5.3.17.jar
2025-05-23 15:39:07,356 [BasicRepositoryConnector-repo.maven.apache.org-1-4] INFO  o.e.m.c.i.e.AbstractTransferListenerAdapter - Downloaded https://repo.maven.apache.org/maven2/org/springframework/spring-expression/5.3.17/spring-expression-5.3.17.jar
2025-05-23 15:39:07,361 [BasicRepositoryConnector-repo.maven.apache.org-1-1] INFO  o.e.m.c.i.e.AbstractTransferListenerAdapter - Downloaded https://repo.maven.apache.org/maven2/org/springframework/spring-beans/5.3.17/spring-beans-5.3.17.jar
2025-05-23 15:39:07,382 [BasicRepositoryConnector-repo.maven.apache.org-1-3] INFO  o.e.m.c.i.e.AbstractTransferListenerAdapter - Downloaded https://repo.maven.apache.org/maven2/org/springframework/spring-core/5.3.17/spring-core-5.3.17.jar
2025-05-23 15:39:07,405 [BasicRepositoryConnector-repo.maven.apache.org-1-0] INFO  o.e.m.c.i.e.AbstractTransferListenerAdapter - Downloaded https://repo.maven.apache.org/maven2/org/springframework/spring-web/5.3.17/spring-web-5.3.17.jar
2025-05-23 15:39:07,435 [BasicRepositoryConnector-repo.maven.apache.org-1-2] INFO  o.e.m.c.i.e.AbstractTransferListenerAdapter - Downloaded https://repo.maven.apache.org/maven2/org/springframework/spring-context/5.3.17/spring-context-5.3.17.jar
2025-05-23 15:39:07,552 [Worker-42: Building] INFO  o.a.m.s.f.DefaultMavenResourcesFiltering - skip non existing resourceDirectory C:\DEV\eclipse-workspace\MavenProject\src\main\resources
2025-05-23 15:39:07,554 [Worker-42: Building] INFO  o.a.m.s.f.DefaultMavenResourcesFiltering - skip non existing resourceDirectory C:\DEV\eclipse-workspace\MavenProject\src\test\resources
2025-05-23 15:39:08,502 [Worker-36: Download sources and javadoc] INFO  o.e.m.c.i.e.AbstractTransferListenerAdapter - Downloading https://repo.maven.apache.org/maven2/org/springframework/spring-webmvc/5.3.17/spring-webmvc-5.3.17-sources.jar
2025-05-23 15:39:08,615 [Worker-36: Download sources and javadoc] INFO  o.e.m.c.i.e.AbstractTransferListenerAdapter - Downloaded https://repo.maven.apache.org/maven2/org/springframework/spring-webmvc/5.3.17/spring-webmvc-5.3.17-sources.jar
2025-05-23 15:39:08,626 [Worker-36: Download sources and javadoc] INFO  o.e.m.j.internal.DownloadSourcesJob - Downloaded sources for org.springframework:spring-webmvc:5.3.17
2025-05-23 15:39:08,637 [Worker-36: Download sources and javadoc] INFO  o.e.m.c.i.e.AbstractTransferListenerAdapter - Downloading https://repo.maven.apache.org/maven2/org/springframework/spring-aop/5.3.17/spring-aop-5.3.17-sources.jar
2025-05-23 15:39:08,649 [Worker-36: Download sources and javadoc] INFO  o.e.m.c.i.e.AbstractTransferListenerAdapter - Downloaded https://repo.maven.apache.org/maven2/org/springframework/spring-aop/5.3.17/spring-aop-5.3.17-sources.jar
2025-05-23 15:39:08,651 [Worker-36: Download sources and javadoc] INFO  o.e.m.j.internal.DownloadSourcesJob - Downloaded sources for org.springframework:spring-aop:5.3.17
2025-05-23 15:39:08,662 [Worker-36: Download sources and javadoc] INFO  o.e.m.c.i.e.AbstractTransferListenerAdapter - Downloading https://repo.maven.apache.org/maven2/org/springframework/spring-beans/5.3.17/spring-beans-5.3.17-sources.jar
2025-05-23 15:39:08,681 [Worker-36: Download sources and javadoc] INFO  o.e.m.c.i.e.AbstractTransferListenerAdapter - Downloaded https://repo.maven.apache.org/maven2/org/springframework/spring-beans/5.3.17/spring-beans-5.3.17-sources.jar
2025-05-23 15:39:08,683 [Worker-36: Download sources and javadoc] INFO  o.e.m.j.internal.DownloadSourcesJob - Downloaded sources for org.springframework:spring-beans:5.3.17
2025-05-23 15:39:08,693 [Worker-36: Download sources and javadoc] INFO  o.e.m.c.i.e.AbstractTransferListenerAdapter - Downloading https://repo.maven.apache.org/maven2/org/springframework/spring-context/5.3.17/spring-context-5.3.17-sources.jar
2025-05-23 15:39:08,697 [Worker-40: Building] INFO  o.a.m.s.f.DefaultMavenResourcesFiltering - skip non existing resourceDirectory C:\DEV\eclipse-workspace\MavenProject\src\main\resources
2025-05-23 15:39:08,698 [Worker-40: Building] INFO  o.a.m.s.f.DefaultMavenResourcesFiltering - skip non existing resourceDirectory C:\DEV\eclipse-workspace\MavenProject\src\test\resources
2025-05-23 15:39:08,717 [Worker-36: Download sources and javadoc] INFO  o.e.m.c.i.e.AbstractTransferListenerAdapter - Downloaded https://repo.maven.apache.org/maven2/org/springframework/spring-context/5.3.17/spring-context-5.3.17-sources.jar
2025-05-23 15:39:08,719 [Worker-36: Download sources and javadoc] INFO  o.e.m.j.internal.DownloadSourcesJob - Downloaded sources for org.springframework:spring-context:5.3.17
2025-05-23 15:39:08,729 [Worker-36: Download sources and javadoc] INFO  o.e.m.c.i.e.AbstractTransferListenerAdapter - Downloading https://repo.maven.apache.org/maven2/org/springframework/spring-core/5.3.17/spring-core-5.3.17-sources.jar
2025-05-23 15:39:08,819 [Worker-36: Download sources and javadoc] INFO  o.e.m.c.i.e.AbstractTransferListenerAdapter - Downloaded https://repo.maven.apache.org/maven2/org/springframework/spring-core/5.3.17/spring-core-5.3.17-sources.jar
2025-05-23 15:39:08,821 [Worker-36: Download sources and javadoc] INFO  o.e.m.j.internal.DownloadSourcesJob - Downloaded sources for org.springframework:spring-core:5.3.17
2025-05-23 15:39:08,831 [Worker-36: Download sources and javadoc] INFO  o.e.m.c.i.e.AbstractTransferListenerAdapter - Downloading https://repo.maven.apache.org/maven2/org/springframework/spring-jcl/5.3.17/spring-jcl-5.3.17-sources.jar
2025-05-23 15:39:08,836 [Worker-36: Download sources and javadoc] INFO  o.e.m.c.i.e.AbstractTransferListenerAdapter - Downloaded https://repo.maven.apache.org/maven2/org/springframework/spring-jcl/5.3.17/spring-jcl-5.3.17-sources.jar
2025-05-23 15:39:08,837 [Worker-36: Download sources and javadoc] INFO  o.e.m.j.internal.DownloadSourcesJob - Downloaded sources for org.springframework:spring-jcl:5.3.17
2025-05-23 15:39:08,849 [Worker-36: Download sources and javadoc] INFO  o.e.m.c.i.e.AbstractTransferListenerAdapter - Downloading https://repo.maven.apache.org/maven2/org/springframework/spring-expression/5.3.17/spring-expression-5.3.17-sources.jar
2025-05-23 15:39:08,859 [Worker-36: Download sources and javadoc] INFO  o.e.m.c.i.e.AbstractTransferListenerAdapter - Downloaded https://repo.maven.apache.org/maven2/org/springframework/spring-expression/5.3.17/spring-expression-5.3.17-sources.jar
2025-05-23 15:39:08,861 [Worker-36: Download sources and javadoc] INFO  o.e.m.j.internal.DownloadSourcesJob - Downloaded sources for org.springframework:spring-expression:5.3.17
2025-05-23 15:39:08,871 [Worker-36: Download sources and javadoc] INFO  o.e.m.c.i.e.AbstractTransferListenerAdapter - Downloading https://repo.maven.apache.org/maven2/org/springframework/spring-web/5.3.17/spring-web-5.3.17-sources.jar
2025-05-23 15:39:08,900 [Worker-36: Download sources and javadoc] INFO  o.e.m.c.i.e.AbstractTransferListenerAdapter - Downloaded https://repo.maven.apache.org/maven2/org/springframework/spring-web/5.3.17/spring-web-5.3.17-sources.jar
2025-05-23 15:39:08,901 [Worker-36: Download sources and javadoc] INFO  o.e.m.j.internal.DownloadSourcesJob - Downloaded sources for org.springframework:spring-web:5.3.17
2025-05-23 15:39:38,064 [Worker-38: Building] INFO  o.e.m.c.i.l.LifecycleMappingFactory - Using org.eclipse.m2e.jdt.JarLifecycleMapping lifecycle mapping for MavenProject: com.multicampus:MavenProject:0.0.1-SNAPSHOT @ C:\DEV\eclipse-workspace\MavenProject\pom.xml.
2025-05-23 15:39:38,171 [Worker-38: Building] INFO  o.a.m.s.f.DefaultMavenResourcesFiltering - skip non existing resourceDirectory C:\DEV\eclipse-workspace\MavenProject\src\main\resources
2025-05-23 15:39:38,175 [Worker-38: Building] INFO  o.a.m.s.f.DefaultMavenResourcesFiltering - skip non existing resourceDirectory C:\DEV\eclipse-workspace\MavenProject\src\test\resources
2025-05-23 15:39:39,343 [Worker-32: Building] INFO  o.a.m.s.f.DefaultMavenResourcesFiltering - skip non existing resourceDirectory C:\DEV\eclipse-workspace\MavenProject\src\main\resources
2025-05-23 15:39:39,345 [Worker-32: Building] INFO  o.a.m.s.f.DefaultMavenResourcesFiltering - skip non existing resourceDirectory C:\DEV\eclipse-workspace\MavenProject\src\test\resources
2025-05-23 15:40:07,194 [Worker-32: Building] INFO  o.e.m.c.i.l.LifecycleMappingFactory - Using org.eclipse.m2e.jdt.JarLifecycleMapping lifecycle mapping for MavenProject: com.multicampus:MavenProject:0.0.1-SNAPSHOT @ C:\DEV\eclipse-workspace\MavenProject\pom.xml.
2025-05-23 15:40:07,242 [Worker-32: Building] INFO  o.e.m.c.i.e.AbstractTransferListenerAdapter - Downloading https://repo.maven.apache.org/maven2/org/mybatis/mybatis/3.5.19/mybatis-3.5.19.pom
2025-05-23 15:40:07,250 [Worker-32: Building] INFO  o.e.m.c.i.e.AbstractTransferListenerAdapter - Downloaded https://repo.maven.apache.org/maven2/org/mybatis/mybatis/3.5.19/mybatis-3.5.19.pom
2025-05-23 15:40:07,262 [Worker-32: Building] INFO  o.e.m.c.i.e.AbstractTransferListenerAdapter - Downloading https://repo.maven.apache.org/maven2/org/mybatis/mybatis-parent/48/mybatis-parent-48.pom
2025-05-23 15:40:07,284 [Worker-32: Building] INFO  o.e.m.c.i.e.AbstractTransferListenerAdapter - Downloaded https://repo.maven.apache.org/maven2/org/mybatis/mybatis-parent/48/mybatis-parent-48.pom
2025-05-23 15:40:07,314 [Worker-32: Building] INFO  o.e.m.c.i.e.AbstractTransferListenerAdapter - Downloading https://repo.maven.apache.org/maven2/org/mybatis/mybatis/3.5.19/mybatis-3.5.19.jar
2025-05-23 15:40:07,356 [Worker-32: Building] INFO  o.e.m.c.i.e.AbstractTransferListenerAdapter - Downloaded https://repo.maven.apache.org/maven2/org/mybatis/mybatis/3.5.19/mybatis-3.5.19.jar
2025-05-23 15:40:07,446 [Worker-32: Building] INFO  o.a.m.s.f.DefaultMavenResourcesFiltering - skip non existing resourceDirectory C:\DEV\eclipse-workspace\MavenProject\src\main\resources
2025-05-23 15:40:07,448 [Worker-32: Building] INFO  o.a.m.s.f.DefaultMavenResourcesFiltering - skip non existing resourceDirectory C:\DEV\eclipse-workspace\MavenProject\src\test\resources
2025-05-23 15:40:08,456 [Worker-36: Download sources and javadoc] INFO  o.e.m.c.i.e.AbstractTransferListenerAdapter - Downloading https://repo.maven.apache.org/maven2/org/mybatis/mybatis/3.5.19/mybatis-3.5.19-sources.jar
2025-05-23 15:40:08,555 [Worker-36: Download sources and javadoc] INFO  o.e.m.c.i.e.AbstractTransferListenerAdapter - Downloaded https://repo.maven.apache.org/maven2/org/mybatis/mybatis/3.5.19/mybatis-3.5.19-sources.jar
2025-05-23 15:40:08,557 [Worker-36: Download sources and javadoc] INFO  o.e.m.j.internal.DownloadSourcesJob - Downloaded sources for org.mybatis:mybatis:3.5.19
2025-05-23 15:40:08,707 [Worker-40: Building] INFO  o.a.m.s.f.DefaultMavenResourcesFiltering - skip non existing resourceDirectory C:\DEV\eclipse-workspace\MavenProject\src\main\resources
2025-05-23 15:40:08,709 [Worker-40: Building] INFO  o.a.m.s.f.DefaultMavenResourcesFiltering - skip non existing resourceDirectory C:\DEV\eclipse-workspace\MavenProject\src\test\resources
